INFO:root:=========================================
INFO:root:Gate: iSwap
INFO:root:K = 1
INFO:root:Done with randomization
INFO:root:Starting sample iter 0
INFO:root:Begin search: (0.0, 0.0, 0.0)
INFO:root:Starting opt on template size 1
INFO:root:Cycle (k =1), Best Loss=0.4000000000827362
INFO:root:Overall Best Loss=0.4000000000827362
INFO:root:Fail: (0.0, 0.0, 0.0), Found: (0.5, 3.82e-06, 1.33e-06)
INFO:root:Starting sample iter 0
INFO:root:Begin search: (0.5, 0.0, 0.0)
INFO:root:Starting opt on template size 1
INFO:root:Cycle (k =1), Best Loss=7.771649990218066e-11
INFO:root:Break on cycle 1
INFO:root:Overall Best Loss=7.771649990218066e-11
INFO:root:Success: (0.5, 0.0, 0.0), Found: (0.5, 3.72e-06, 9e-08)
INFO:root:Starting sample iter 0
INFO:root:Begin search: (0.5, 0.5, 0.5)
INFO:root:Starting opt on template size 1
INFO:root:Cycle (k =1), Best Loss=0.30918489703103047
INFO:root:Overall Best Loss=0.30918489703103047
INFO:root:Fail: (0.5, 0.5, 0.5), Found: (0.5, 0.19173497, 0.19170859)
INFO:root:Starting sample iter 0
INFO:root:Begin search: (0.5, 0.5, 0.0)
INFO:root:Starting opt on template size 1
INFO:root:Cycle (k =1), Best Loss=0.05694578644804482
INFO:root:Overall Best Loss=0.05694578644804482
INFO:root:Fail: (0.5, 0.5, 0.0), Found: (0.5, 0.33490135, 0.0485422)
INFO:root:Starting sample iter 0
INFO:root:Begin search: (0.5, 0.25, 0.25)
INFO:root:Starting opt on template size 1
INFO:root:Cycle (k =1), Best Loss=0.048821362870997476
INFO:root:Overall Best Loss=0.048821362870997476
INFO:root:Fail: (0.5, 0.25, 0.25), Found: (0.5, 0.13734052, 0.13733113)
INFO:root:Done with targeted search
INFO:root:Done generating points via sy mmetry
INFO:root:Done converting to monodromy coordinates
INFO:root:Done generating unitary plot
INFO:root:Base 0
INFO:root:Done creating polytope
INFO:root:Extended volume 0.6732309354115338
INFO:root:Unique Vol 0.6732309354115338
INFO:root:Running Vol 0.6732309354115338
INFO:root:D[CNOT] False
INFO:root:D[SWAP] False
INFO:root:D[B] False
INFO:root:Volume: 0.6732309354115338
INFO:root:Done with k=1 analytics
INFO:root:K = 2
INFO:root:Done with randomization
INFO:root:Starting sample iter 0
INFO:root:Begin search: (0.0, 0.0, 0.0)
INFO:root:Starting opt on template size 2
INFO:root:Cycle (k =2), Best Loss=8.397038619989416e-11
INFO:root:Break on cycle 2
INFO:root:Overall Best Loss=8.397038619989416e-11
INFO:root:Success: (0.0, 0.0, 0.0), Found: (0.99999533, 3.22e-06, 7.2e-07)
INFO:root:Starting sample iter 0
INFO:root:Begin search: (0.5, 0.0, 0.0)
INFO:root:Starting opt on template size 2
INFO:root:Cycle (k =2), Best Loss=4.0894732045160254e-11
INFO:root:Break on cycle 2
INFO:root:Overall Best Loss=4.0894732045160254e-11
INFO:root:Success: (0.5, 0.0, 0.0), Found: (0.49999866, 2.64e-06, 1.29e-06)
INFO:root:Starting sample iter 0
INFO:root:Begin search: (0.5, 0.5, 0.5)
INFO:root:Starting opt on template size 2
INFO:root:Cycle (k =2), Best Loss=9.954437274473094e-11
INFO:root:Break on cycle 2
INFO:root:Overall Best Loss=9.954437274473094e-11
INFO:root:Success: (0.5, 0.5, 0.5), Found: (0.49999981, 0.49999844, 0.4999965)
INFO:root:Starting sample iter 0
INFO:root:Begin search: (0.5, 0.5, 0.0)
INFO:root:Starting opt on template size 2
INFO:root:Cycle (k =2), Best Loss=6.193889845462763e-11
INFO:root:Break on cycle 2
INFO:root:Overall Best Loss=6.193889845462763e-11
INFO:root:Success: (0.5, 0.5, 0.0), Found: (0.49999902, 0.49999806, 2.06e-06)
INFO:root:Starting sample iter 0
INFO:root:Begin search: (0.5, 0.25, 0.25)
INFO:root:Starting opt on template size 2
INFO:root:Cycle (k =2), Best Loss=3.0098712411330553e-10
INFO:root:Overall Best Loss=3.0098712411330553e-10
INFO:root:Fail: (0.5, 0.25, 0.25), Found: (0.50000047, 0.24999967, 0.24999679)
INFO:root:Done with targeted search
INFO:root:Done generating points via sy mmetry
INFO:root:Done converting to monodromy coordinates
INFO:root:Done generating unitary plot
INFO:root:Base 0
INFO:root:Done creating polytope
INFO:root:Extended volume 0.9999999999266616
INFO:root:Unique Vol 0.32676906451512777
INFO:root:Running Vol 0.9999999999266616
INFO:root:D[CNOT] True
INFO:root:D[SWAP] True
INFO:root:D[B] True
INFO:root:Volume: 0.9999999999266616
INFO:root:Done with k=2 analytics
INFO:root:K = 3
INFO:root:Extended 1
INFO:root:Haar Score: 1.3267690646618047
WARNING:root:Assuming smush template is irreundant, see monodromy.coverage.build_coverage_set for more details
INFO:root:saved polytope coverage to file
INFO:root:=========================================
INFO:root:Gate: sqiSwap
INFO:root:K = 1
INFO:root:Done with randomization
INFO:root:Starting sample iter 0
INFO:root:Begin search: (0.0, 0.0, 0.0)
INFO:root:Starting opt on template size 1
INFO:root:Cycle (k =1), Best Loss=0.11715729187662483
INFO:root:Overall Best Loss=0.11715729187662483
INFO:root:Fail: (0.0, 0.0, 0.0), Found: (0.75, 4.92e-05, 8.92e-06)
INFO:root:Starting sample iter 0
INFO:root:Begin search: (0.5, 0.0, 0.0)
INFO:root:Starting opt on template size 1
INFO:root:Cycle (k =1), Best Loss=0.11715728759943755
INFO:root:Overall Best Loss=0.11715728759943755
INFO:root:Fail: (0.5, 0.0, 0.0), Found: (0.25, 2.42e-06, 2.9e-07)
INFO:root:Starting sample iter 0
INFO:root:Begin search: (0.5, 0.5, 0.5)
INFO:root:Starting opt on template size 1
INFO:root:Cycle (k =1), Best Loss=0.526631528936449
INFO:root:Overall Best Loss=0.526631528936449
INFO:root:Fail: (0.5, 0.5, 0.5), Found: (0.25, 0.07193793, 0.071844)
INFO:root:Starting sample iter 0
INFO:root:Begin search: (0.5, 0.5, 0.0)
INFO:root:Starting opt on template size 1
INFO:root:Cycle (k =1), Best Loss=0.2641779550520339
INFO:root:Overall Best Loss=0.2641779550520339
INFO:root:Fail: (0.5, 0.5, 0.0), Found: (0.75, 0.19689096, 0.05310904)
INFO:root:Starting sample iter 0
INFO:root:Begin search: (0.5, 0.25, 0.25)
INFO:root:Starting opt on template size 1
INFO:root:Cycle (k =1), Best Loss=0.1679767289623907
INFO:root:Overall Best Loss=0.1679767289623907
INFO:root:Fail: (0.5, 0.25, 0.25), Found: (0.75, 0.12500127, 0.12499873)
INFO:root:Done with targeted search
INFO:root:Done generating points via sy mmetry
INFO:root:Done converting to monodromy coordinates
INFO:root:Done generating unitary plot
INFO:root:Base 0
INFO:root:Done creating polytope
INFO:root:Extended volume 0.007479129356809791
INFO:root:Unique Vol 0.007479129356809791
INFO:root:Running Vol 0.007479129356809791
INFO:root:D[CNOT] False
INFO:root:D[SWAP] False
INFO:root:D[B] False
INFO:root:Volume: 0.007479129356809791
INFO:root:Done with k=1 analytics
INFO:root:K = 2
INFO:root:Done with randomization
INFO:root:Starting sample iter 0
INFO:root:Begin search: (0.0, 0.0, 0.0)
INFO:root:Starting opt on template size 2
INFO:root:Cycle (k =2), Best Loss=9.739375972372954e-11
INFO:root:Break on cycle 2
INFO:root:Overall Best Loss=9.739375972372954e-11
INFO:root:Success: (0.0, 0.0, 0.0), Found: (4.11e-06, 1.77e-06, 3.8e-07)
INFO:root:Starting sample iter 0
INFO:root:Begin search: (0.5, 0.0, 0.0)
INFO:root:Starting opt on template size 2
INFO:root:Cycle (k =2), Best Loss=9.968238456892209e-09
INFO:root:Overall Best Loss=9.968238456892209e-09
INFO:root:Fail: (0.5, 0.0, 0.0), Found: (0.50006963, 1.121e-05, 3.15e-06)
INFO:root:Starting sample iter 0
INFO:root:Begin search: (0.5, 0.5, 0.5)
INFO:root:Starting opt on template size 2
INFO:root:Cycle (k =2), Best Loss=0.2110840876488227
INFO:root:Overall Best Loss=0.2110840876488227
INFO:root:Fail: (0.5, 0.5, 0.5), Found: (0.30311389, 0.29553211, 0.29513593)
INFO:root:Starting sample iter 0
INFO:root:Begin search: (0.5, 0.5, 0.0)
INFO:root:Starting opt on template size 2
INFO:root:Cycle (k =2), Best Loss=0.022064747692551512
INFO:root:Overall Best Loss=0.022064747692551512
INFO:root:Fail: (0.5, 0.5, 0.0), Found: (0.49964341, 0.39378187, 0.00014729)
INFO:root:Starting sample iter 0
INFO:root:Begin search: (0.5, 0.25, 0.25)
INFO:root:Starting opt on template size 2
INFO:root:Cycle (k =2), Best Loss=4.850264478939437e-08
INFO:root:Overall Best Loss=4.850264478939437e-08
INFO:root:Fail: (0.5, 0.25, 0.25), Found: (0.50008015, 0.24990936, 0.24990097)
INFO:root:Done with targeted search
INFO:root:Done generating points via sy mmetry
INFO:root:Done converting to monodromy coordinates
INFO:root:Done generating unitary plot
INFO:root:Base 0.7901173636843226
INFO:root:Done creating polytope
INFO:root:Extended volume 0.935414813146013
INFO:root:Unique Vol 0.9279356837892032
INFO:root:Running Vol 0.935414813146013
INFO:root:D[CNOT] True
INFO:root:D[SWAP] False
INFO:root:D[B] True
INFO:root:Volume: 0.935414813146013
INFO:root:Done with k=2 analytics
INFO:root:K = 3
INFO:root:Extended 1
INFO:root:Haar Score: 2.057106057497177
WARNING:root:Assuming smush template is irreundant, see monodromy.coverage.build_coverage_set for more details
INFO:root:saved polytope coverage to file
INFO:root:=========================================
INFO:root:Gate: iSwap
INFO:root:=========================================
INFO:root:Gate: iSwap
INFO:root:K = 1
INFO:root:Done with randomization
INFO:root:Done with targeted search
INFO:root:No points found
INFO:root:Haar Score: 0
WARNING:root:Assuming smush template is irreundant, see monodromy.coverage.build_coverage_set for more details
INFO:root:saved polytope coverage to file
INFO:root:=========================================
INFO:root:Gate: sqiSwap
INFO:root:K = 1
INFO:root:Done with randomization
INFO:root:Done with targeted search
INFO:root:No points found
INFO:root:Haar Score: 0
WARNING:root:Assuming smush template is irreundant, see monodromy.coverage.build_coverage_set for more details
INFO:root:saved polytope coverage to file
INFO:root:=========================================
INFO:root:Gate: iSwap
INFO:root:K = 1
INFO:root:Done with randomization
INFO:root:Done with targeted search
INFO:root:Done generating points via sy mmetry
INFO:root:Done converting to monodromy coordinates
INFO:root:Done generating unitary plot
INFO:root:Base 0
INFO:root:Done creating polytope
INFO:root:Extended volume 0.6535219846840624
INFO:root:Unique Vol 0.6535219846840624
INFO:root:Running Vol 0.6535219846840624
INFO:root:D[CNOT] False
INFO:root:D[SWAP] False
INFO:root:D[B] False
INFO:root:Volume: 0.6535219846840624
INFO:root:Done with k=1 analytics
INFO:root:K = 2
INFO:root:Done with randomization
INFO:root:Done with targeted search
INFO:root:Done generating points via sy mmetry
INFO:root:Done converting to monodromy coordinates
INFO:root:Done generating unitary plot
INFO:root:Base 0
INFO:root:Done creating polytope
INFO:root:Extended volume 0.9675772835037395
INFO:root:Unique Vol 0.3140552988196771
INFO:root:Running Vol 0.9675772835037395
INFO:root:D[CNOT] True
INFO:root:D[SWAP] False
INFO:root:D[B] True
INFO:root:Volume: 0.9675772835037395
INFO:root:Done with k=2 analytics
INFO:root:K = 3
INFO:root:Extended 1
INFO:root:Haar Score: 1.3789007318121982
WARNING:root:Assuming smush template is irreundant, see monodromy.coverage.build_coverage_set for more details
INFO:root:saved polytope coverage to file
INFO:root:=========================================
INFO:root:Gate: sqiSwap
INFO:root:K = 1
INFO:root:Done with randomization
INFO:root:Done with targeted search
INFO:root:Done generating points via sy mmetry
INFO:root:Done converting to monodromy coordinates
INFO:root:Done generating unitary plot
INFO:root:Base 0
INFO:root:Done creating polytope
INFO:root:Extended volume 0.007475314283520313
INFO:root:Unique Vol 0.007475314283520313
INFO:root:Running Vol 0.007475314283520313
INFO:root:D[CNOT] False
INFO:root:D[SWAP] False
INFO:root:D[B] False
INFO:root:Volume: 0.007475314283520313
INFO:root:Done with k=1 analytics
INFO:root:K = 2
INFO:root:Done with randomization
INFO:root:Done with targeted search
INFO:root:Done generating points via sy mmetry
INFO:root:Done converting to monodromy coordinates
INFO:root:Done generating unitary plot
INFO:root:Base 0.7901173636843226
INFO:root:Done creating polytope
INFO:root:Extended volume 0.8404713364219241
INFO:root:Unique Vol 0.8329960221384037
INFO:root:Running Vol 0.8404713364219241
INFO:root:D[CNOT] True
INFO:root:D[SWAP] False
INFO:root:D[B] True
INFO:root:Volume: 0.8404713364219241
INFO:root:Done with k=2 analytics
INFO:root:K = 3
INFO:root:Extended 1
INFO:root:Haar Score: 2.1520533492945555
WARNING:root:Assuming smush template is irreundant, see monodromy.coverage.build_coverage_set for more details
INFO:root:saved polytope coverage to file
